<?xml version="1.0" encoding="UTF-8"?>
<coverage generated="1729109293045" clover="3.2.0">
  <project timestamp="1729109293045" name="All files">
    <metrics statements="136" coveredstatements="125" conditionals="40" coveredconditionals="34" methods="27" coveredmethods="27" elements="203" coveredelements="186" complexity="0" loc="136" ncloc="136" packages="1" files="4" classes="4"/>
    <file name="events.js" path="C:\Users\ngken\Downloads\Volunteer-Site-Project\backend\routes\events.js">
      <metrics statements="54" coveredstatements="50" conditionals="18" coveredconditionals="16" methods="8" coveredmethods="8"/>
      <line num="1" count="1" type="stmt"/>
      <line num="2" count="1" type="stmt"/>
      <line num="3" count="1" type="stmt"/>
      <line num="6" count="1" type="stmt"/>
      <line num="40" count="1" type="stmt"/>
      <line num="64" count="14" type="stmt"/>
      <line num="65" count="14" type="cond" truecount="2" falsecount="0"/>
      <line num="66" count="3" type="stmt"/>
      <line num="69" count="11" type="stmt"/>
      <line num="70" count="11" type="stmt"/>
      <line num="72" count="11" type="cond" truecount="2" falsecount="0"/>
      <line num="73" count="1" type="stmt"/>
      <line num="76" count="10" type="stmt"/>
      <line num="86" count="10" type="stmt"/>
      <line num="87" count="10" type="stmt"/>
      <line num="92" count="1" type="stmt"/>
      <line num="99" count="3" type="stmt"/>
      <line num="100" count="3" type="cond" truecount="2" falsecount="0"/>
      <line num="101" count="1" type="stmt"/>
      <line num="104" count="2" type="stmt"/>
      <line num="105" count="9" type="stmt"/>
      <line num="107" count="2" type="cond" truecount="2" falsecount="0"/>
      <line num="108" count="1" type="stmt"/>
      <line num="111" count="1" type="stmt"/>
      <line num="112" count="1" type="stmt"/>
      <line num="117" count="1" type="stmt"/>
      <line num="124" count="3" type="stmt"/>
      <line num="125" count="3" type="cond" truecount="2" falsecount="0"/>
      <line num="126" count="1" type="stmt"/>
      <line num="129" count="2" type="stmt"/>
      <line num="130" count="2" type="stmt"/>
      <line num="132" count="10" type="stmt"/>
      <line num="133" count="2" type="cond" truecount="2" falsecount="0"/>
      <line num="134" count="1" type="stmt"/>
      <line num="136" count="1" type="stmt"/>
      <line num="138" count="1" type="stmt"/>
      <line num="143" count="1" type="stmt"/>
      <line num="144" count="1" type="stmt"/>
      <line num="148" count="1" type="stmt"/>
      <line num="172" count="7" type="stmt"/>
      <line num="173" count="7" type="cond" truecount="2" falsecount="0"/>
      <line num="174" count="6" type="stmt"/>
      <line num="177" count="1" type="stmt"/>
      <line num="178" count="12" type="stmt"/>
      <line num="180" count="1" type="cond" truecount="1" falsecount="1"/>
      <line num="181" count="0" type="stmt"/>
      <line num="184" count="1" type="stmt"/>
      <line num="185" count="1" type="stmt"/>
      <line num="187" count="1" type="cond" truecount="1" falsecount="1"/>
      <line num="188" count="1" type="stmt"/>
      <line num="191" count="0" type="stmt"/>
      <line num="196" count="0" type="stmt"/>
      <line num="197" count="0" type="stmt"/>
      <line num="201" count="1" type="stmt"/>
    </file>
    <file name="history.js" path="C:\Users\ngken\Downloads\Volunteer-Site-Project\backend\routes\history.js">
      <metrics statements="22" coveredstatements="22" conditionals="6" coveredconditionals="6" methods="3" coveredmethods="3"/>
      <line num="1" count="1" type="stmt"/>
      <line num="2" count="1" type="stmt"/>
      <line num="4" count="1" type="stmt"/>
      <line num="5" count="1" type="stmt"/>
      <line num="7" count="1" type="stmt"/>
      <line num="15" count="4" type="stmt"/>
      <line num="16" count="4" type="cond" truecount="2" falsecount="0"/>
      <line num="17" count="3" type="stmt"/>
      <line num="20" count="1" type="stmt"/>
      <line num="26" count="1" type="stmt"/>
      <line num="27" count="1" type="stmt"/>
      <line num="31" count="1" type="stmt"/>
      <line num="37" count="3" type="stmt"/>
      <line num="38" count="3" type="cond" truecount="2" falsecount="0"/>
      <line num="39" count="1" type="stmt"/>
      <line num="42" count="2" type="stmt"/>
      <line num="43" count="2" type="stmt"/>
      <line num="45" count="2" type="cond" truecount="2" falsecount="0"/>
      <line num="46" count="1" type="stmt"/>
      <line num="49" count="1" type="stmt"/>
      <line num="50" count="1" type="stmt"/>
      <line num="54" count="1" type="stmt"/>
    </file>
    <file name="notifications.js" path="C:\Users\ngken\Downloads\Volunteer-Site-Project\backend\routes\notifications.js">
      <metrics statements="21" coveredstatements="21" conditionals="4" coveredconditionals="4" methods="4" coveredmethods="4"/>
      <line num="1" count="1" type="stmt"/>
      <line num="2" count="1" type="stmt"/>
      <line num="3" count="1" type="stmt"/>
      <line num="6" count="1" type="stmt"/>
      <line num="14" count="1" type="stmt"/>
      <line num="15" count="1" type="stmt"/>
      <line num="20" count="1" type="stmt"/>
      <line num="28" count="2" type="stmt"/>
      <line num="29" count="2" type="cond" truecount="2" falsecount="0"/>
      <line num="30" count="1" type="stmt"/>
      <line num="33" count="1" type="stmt"/>
      <line num="37" count="1" type="stmt"/>
      <line num="38" count="1" type="stmt"/>
      <line num="43" count="1" type="stmt"/>
      <line num="51" count="3" type="stmt"/>
      <line num="52" count="3" type="cond" truecount="2" falsecount="0"/>
      <line num="53" count="1" type="stmt"/>
      <line num="56" count="2" type="stmt"/>
      <line num="57" count="7" type="stmt"/>
      <line num="58" count="2" type="stmt"/>
      <line num="62" count="1" type="stmt"/>
    </file>
    <file name="volunteer.js" path="C:\Users\ngken\Downloads\Volunteer-Site-Project\backend\routes\volunteer.js">
      <metrics statements="39" coveredstatements="32" conditionals="12" coveredconditionals="8" methods="12" coveredmethods="12"/>
      <line num="1" count="1" type="stmt"/>
      <line num="2" count="1" type="stmt"/>
      <line num="3" count="1" type="stmt"/>
      <line num="6" count="1" type="stmt"/>
      <line num="16" count="1" type="stmt"/>
      <line num="17" count="1" type="stmt"/>
      <line num="18" count="1" type="stmt"/>
      <line num="20" count="0" type="stmt"/>
      <line num="26" count="1" type="stmt"/>
      <line num="27" count="2" type="stmt"/>
      <line num="28" count="3" type="cond" truecount="1" falsecount="1"/>
      <line num="29" count="2" type="stmt"/>
      <line num="31" count="2" type="stmt"/>
      <line num="33" count="12" type="stmt"/>
      <line num="34" count="42" type="stmt"/>
      <line num="38" count="12" type="stmt"/>
      <line num="40" count="12" type="cond" truecount="2" falsecount="0"/>
      <line num="43" count="2" type="stmt"/>
      <line num="45" count="0" type="stmt"/>
      <line num="46" count="0" type="stmt"/>
      <line num="51" count="1" type="stmt"/>
      <line num="52" count="1" type="stmt"/>
      <line num="53" count="1" type="stmt"/>
      <line num="55" count="1" type="stmt"/>
      <line num="56" count="1" type="stmt"/>
      <line num="59" count="1" type="cond" truecount="1" falsecount="1"/>
      <line num="60" count="0" type="stmt"/>
      <line num="65" count="1" type="stmt"/>
      <line num="66" count="3" type="stmt"/>
      <line num="67" count="2" type="cond" truecount="3" falsecount="1"/>
      <line num="68" count="0" type="stmt"/>
      <line num="72" count="1" type="stmt"/>
      <line num="73" count="6" type="stmt"/>
      <line num="74" count="1" type="cond" truecount="1" falsecount="1"/>
      <line num="75" count="1" type="stmt"/>
      <line num="79" count="1" type="stmt"/>
      <line num="81" count="0" type="stmt"/>
      <line num="82" count="0" type="stmt"/>
      <line num="86" count="1" type="stmt"/>
    </file>
  </project>
</coverage>
