{"C:\\Users\\ngken\\Volunteer-Site-Project\\backend\\routes\\events.js": {"path":"C:\\Users\\ngken\\Volunteer-Site-Project\\backend\\routes\\events.js","statementMap":{"0":{"start":{"line":1,"column":16},"end":{"line":1,"column":34}},"1":{"start":{"line":2,"column":42},"end":{"line":2,"column":70}},"2":{"start":{"line":3,"column":15},"end":{"line":3,"column":31}},"3":{"start":{"line":6,"column":13},"end":{"line":34,"column":1}},"4":{"start":{"line":37,"column":0},"end":{"line":79,"column":2}},"5":{"start":{"line":61,"column":19},"end":{"line":61,"column":40}},"6":{"start":{"line":62,"column":4},"end":{"line":64,"column":5}},"7":{"start":{"line":63,"column":6},"end":{"line":63,"column":62}},"8":{"start":{"line":66,"column":21},"end":{"line":74,"column":5}},"9":{"start":{"line":76,"column":4},"end":{"line":76,"column":26}},"10":{"start":{"line":77,"column":4},"end":{"line":77,"column":35}},"11":{"start":{"line":82,"column":0},"end":{"line":104,"column":2}},"12":{"start":{"line":89,"column":19},"end":{"line":89,"column":40}},"13":{"start":{"line":90,"column":4},"end":{"line":92,"column":5}},"14":{"start":{"line":91,"column":6},"end":{"line":91,"column":62}},"15":{"start":{"line":94,"column":15},"end":{"line":94,"column":38}},"16":{"start":{"line":95,"column":23},"end":{"line":95,"column":65}},"17":{"start":{"line":95,"column":49},"end":{"line":95,"column":64}},"18":{"start":{"line":97,"column":4},"end":{"line":99,"column":5}},"19":{"start":{"line":98,"column":6},"end":{"line":98,"column":66}},"20":{"start":{"line":101,"column":4},"end":{"line":101,"column":33}},"21":{"start":{"line":102,"column":4},"end":{"line":102,"column":43}},"22":{"start":{"line":106,"column":0},"end":{"line":106,"column":24}}},"fnMap":{"0":{"name":"(anonymous_0)","decl":{"start":{"line":60,"column":2},"end":{"line":60,"column":3}},"loc":{"start":{"line":60,"column":16},"end":{"line":78,"column":3}},"line":60},"1":{"name":"(anonymous_1)","decl":{"start":{"line":88,"column":2},"end":{"line":88,"column":3}},"loc":{"start":{"line":88,"column":16},"end":{"line":103,"column":3}},"line":88},"2":{"name":"(anonymous_2)","decl":{"start":{"line":95,"column":40},"end":{"line":95,"column":41}},"loc":{"start":{"line":95,"column":49},"end":{"line":95,"column":64}},"line":95}},"branchMap":{"0":{"loc":{"start":{"line":62,"column":4},"end":{"line":64,"column":5}},"type":"if","locations":[{"start":{"line":62,"column":4},"end":{"line":64,"column":5}},{"start":{},"end":{}}],"line":62},"1":{"loc":{"start":{"line":90,"column":4},"end":{"line":92,"column":5}},"type":"if","locations":[{"start":{"line":90,"column":4},"end":{"line":92,"column":5}},{"start":{},"end":{}}],"line":90},"2":{"loc":{"start":{"line":97,"column":4},"end":{"line":99,"column":5}},"type":"if","locations":[{"start":{"line":97,"column":4},"end":{"line":99,"column":5}},{"start":{},"end":{}}],"line":97}},"s":{"0":1,"1":1,"2":1,"3":1,"4":1,"5":5,"6":5,"7":3,"8":2,"9":2,"10":2,"11":1,"12":3,"13":3,"14":1,"15":2,"16":2,"17":9,"18":2,"19":1,"20":1,"21":1,"22":1},"f":{"0":5,"1":3,"2":9},"b":{"0":[3,2],"1":[1,2],"2":[1,1]},"_coverageSchema":"1a1c01bbd47fc00a2c39e90264f33305004495a9","hash":"2c1402ae6c26a4a6836fc93afd740c56112c8ec5"}
,"C:\\Users\\ngken\\Volunteer-Site-Project\\backend\\routes\\history.js": {"path":"C:\\Users\\ngken\\Volunteer-Site-Project\\backend\\routes\\history.js","statementMap":{"0":{"start":{"line":1,"column":16},"end":{"line":1,"column":34}},"1":{"start":{"line":2,"column":42},"end":{"line":2,"column":70}},"2":{"start":{"line":4,"column":15},"end":{"line":4,"column":31}},"3":{"start":{"line":5,"column":16},"end":{"line":5,"column":18}},"4":{"start":{"line":7,"column":0},"end":{"line":29,"column":2}},"5":{"start":{"line":15,"column":19},"end":{"line":15,"column":40}},"6":{"start":{"line":16,"column":4},"end":{"line":18,"column":5}},"7":{"start":{"line":17,"column":6},"end":{"line":17,"column":62}},"8":{"start":{"line":20,"column":23},"end":{"line":25,"column":5}},"9":{"start":{"line":26,"column":4},"end":{"line":26,"column":29}},"10":{"start":{"line":27,"column":4},"end":{"line":27,"column":37}},"11":{"start":{"line":31,"column":0},"end":{"line":52,"column":2}},"12":{"start":{"line":37,"column":19},"end":{"line":37,"column":40}},"13":{"start":{"line":38,"column":4},"end":{"line":40,"column":5}},"14":{"start":{"line":39,"column":6},"end":{"line":39,"column":62}},"15":{"start":{"line":42,"column":15},"end":{"line":42,"column":38}},"16":{"start":{"line":43,"column":18},"end":{"line":43,"column":59}},"17":{"start":{"line":43,"column":44},"end":{"line":43,"column":58}},"18":{"start":{"line":45,"column":4},"end":{"line":47,"column":5}},"19":{"start":{"line":46,"column":6},"end":{"line":46,"column":73}},"20":{"start":{"line":49,"column":4},"end":{"line":49,"column":29}},"21":{"start":{"line":50,"column":4},"end":{"line":50,"column":50}},"22":{"start":{"line":54,"column":0},"end":{"line":54,"column":24}}},"fnMap":{"0":{"name":"(anonymous_0)","decl":{"start":{"line":14,"column":2},"end":{"line":14,"column":3}},"loc":{"start":{"line":14,"column":16},"end":{"line":28,"column":3}},"line":14},"1":{"name":"(anonymous_1)","decl":{"start":{"line":36,"column":2},"end":{"line":36,"column":3}},"loc":{"start":{"line":36,"column":16},"end":{"line":51,"column":3}},"line":36},"2":{"name":"(anonymous_2)","decl":{"start":{"line":43,"column":36},"end":{"line":43,"column":37}},"loc":{"start":{"line":43,"column":44},"end":{"line":43,"column":58}},"line":43}},"branchMap":{"0":{"loc":{"start":{"line":16,"column":4},"end":{"line":18,"column":5}},"type":"if","locations":[{"start":{"line":16,"column":4},"end":{"line":18,"column":5}},{"start":{},"end":{}}],"line":16},"1":{"loc":{"start":{"line":38,"column":4},"end":{"line":40,"column":5}},"type":"if","locations":[{"start":{"line":38,"column":4},"end":{"line":40,"column":5}},{"start":{},"end":{}}],"line":38},"2":{"loc":{"start":{"line":45,"column":4},"end":{"line":47,"column":5}},"type":"if","locations":[{"start":{"line":45,"column":4},"end":{"line":47,"column":5}},{"start":{},"end":{}}],"line":45}},"s":{"0":1,"1":1,"2":1,"3":1,"4":1,"5":4,"6":4,"7":3,"8":1,"9":1,"10":1,"11":1,"12":3,"13":3,"14":1,"15":2,"16":2,"17":1,"18":2,"19":1,"20":1,"21":1,"22":1},"f":{"0":4,"1":3,"2":1},"b":{"0":[3,1],"1":[1,2],"2":[1,1]},"_coverageSchema":"1a1c01bbd47fc00a2c39e90264f33305004495a9","hash":"ad4e27f4f512ac46ab969d88ae453c28fb333267"}
,"C:\\Users\\ngken\\Volunteer-Site-Project\\backend\\routes\\notifications.js": {"path":"C:\\Users\\ngken\\Volunteer-Site-Project\\backend\\routes\\notifications.js","statementMap":{"0":{"start":{"line":1,"column":16},"end":{"line":1,"column":34}},"1":{"start":{"line":2,"column":42},"end":{"line":2,"column":70}},"2":{"start":{"line":3,"column":15},"end":{"line":3,"column":31}},"3":{"start":{"line":6,"column":20},"end":{"line":10,"column":1}},"4":{"start":{"line":14,"column":0},"end":{"line":16,"column":3}},"5":{"start":{"line":15,"column":2},"end":{"line":15,"column":26}},"6":{"start":{"line":20,"column":0},"end":{"line":40,"column":2}},"7":{"start":{"line":28,"column":19},"end":{"line":28,"column":40}},"8":{"start":{"line":29,"column":4},"end":{"line":31,"column":5}},"9":{"start":{"line":30,"column":6},"end":{"line":30,"column":62}},"10":{"start":{"line":33,"column":28},"end":{"line":36,"column":5}},"11":{"start":{"line":37,"column":4},"end":{"line":37,"column":40}},"12":{"start":{"line":38,"column":4},"end":{"line":38,"column":30}},"13":{"start":{"line":43,"column":0},"end":{"line":60,"column":2}},"14":{"start":{"line":51,"column":19},"end":{"line":51,"column":40}},"15":{"start":{"line":52,"column":4},"end":{"line":54,"column":5}},"16":{"start":{"line":53,"column":6},"end":{"line":53,"column":62}},"17":{"start":{"line":56,"column":15},"end":{"line":56,"column":38}},"18":{"start":{"line":57,"column":4},"end":{"line":57,"column":81}},"19":{"start":{"line":57,"column":57},"end":{"line":57,"column":79}},"20":{"start":{"line":58,"column":4},"end":{"line":58,"column":50}},"21":{"start":{"line":62,"column":0},"end":{"line":62,"column":24}}},"fnMap":{"0":{"name":"(anonymous_0)","decl":{"start":{"line":14,"column":16},"end":{"line":14,"column":17}},"loc":{"start":{"line":14,"column":30},"end":{"line":16,"column":1}},"line":14},"1":{"name":"(anonymous_1)","decl":{"start":{"line":26,"column":2},"end":{"line":26,"column":3}},"loc":{"start":{"line":26,"column":16},"end":{"line":39,"column":3}},"line":26},"2":{"name":"(anonymous_2)","decl":{"start":{"line":49,"column":2},"end":{"line":49,"column":3}},"loc":{"start":{"line":49,"column":16},"end":{"line":59,"column":3}},"line":49},"3":{"name":"(anonymous_3)","decl":{"start":{"line":57,"column":41},"end":{"line":57,"column":42}},"loc":{"start":{"line":57,"column":57},"end":{"line":57,"column":79}},"line":57}},"branchMap":{"0":{"loc":{"start":{"line":29,"column":4},"end":{"line":31,"column":5}},"type":"if","locations":[{"start":{"line":29,"column":4},"end":{"line":31,"column":5}},{"start":{},"end":{}}],"line":29},"1":{"loc":{"start":{"line":52,"column":4},"end":{"line":54,"column":5}},"type":"if","locations":[{"start":{"line":52,"column":4},"end":{"line":54,"column":5}},{"start":{},"end":{}}],"line":52}},"s":{"0":1,"1":1,"2":1,"3":1,"4":1,"5":1,"6":1,"7":2,"8":2,"9":1,"10":1,"11":1,"12":1,"13":1,"14":3,"15":3,"16":1,"17":2,"18":2,"19":7,"20":2,"21":1},"f":{"0":1,"1":2,"2":3,"3":7},"b":{"0":[1,1],"1":[1,2]},"_coverageSchema":"1a1c01bbd47fc00a2c39e90264f33305004495a9","hash":"65ad9d4384c3e09718dc4e49e19fbc5b7ffcdf7c"}
,"C:\\Users\\ngken\\Volunteer-Site-Project\\backend\\routes\\volunteer.js": {"path":"C:\\Users\\ngken\\Volunteer-Site-Project\\backend\\routes\\volunteer.js","statementMap":{"0":{"start":{"line":1,"column":16},"end":{"line":1,"column":34}},"1":{"start":{"line":2,"column":42},"end":{"line":2,"column":70}},"2":{"start":{"line":3,"column":15},"end":{"line":3,"column":31}},"3":{"start":{"line":6,"column":19},"end":{"line":10,"column":1}},"4":{"start":{"line":13,"column":0},"end":{"line":20,"column":3}},"5":{"start":{"line":14,"column":4},"end":{"line":19,"column":5}},"6":{"start":{"line":16,"column":8},"end":{"line":16,"column":41}},"7":{"start":{"line":18,"column":8},"end":{"line":18,"column":97}},"8":{"start":{"line":22,"column":0},"end":{"line":22,"column":24}}},"fnMap":{"0":{"name":"(anonymous_0)","decl":{"start":{"line":13,"column":16},"end":{"line":13,"column":17}},"loc":{"start":{"line":13,"column":30},"end":{"line":20,"column":1}},"line":13}},"branchMap":{},"s":{"0":1,"1":1,"2":1,"3":1,"4":1,"5":1,"6":1,"7":0,"8":1},"f":{"0":1},"b":{},"_coverageSchema":"1a1c01bbd47fc00a2c39e90264f33305004495a9","hash":"ce6df51bae1c351def8b4ef292bc1dc13232c61f"}
}
