TN:
SF:routes\events.js
FN:60,(anonymous_0)
FN:88,(anonymous_1)
FN:95,(anonymous_2)
FNF:3
FNH:3
FNDA:5,(anonymous_0)
FNDA:3,(anonymous_1)
FNDA:9,(anonymous_2)
DA:1,1
DA:2,1
DA:3,1
DA:6,1
DA:37,1
DA:61,5
DA:62,5
DA:63,3
DA:66,2
DA:76,2
DA:77,2
DA:82,1
DA:89,3
DA:90,3
DA:91,1
DA:94,2
DA:95,9
DA:97,2
DA:98,1
DA:101,1
DA:102,1
DA:106,1
LF:22
LH:22
BRDA:62,0,0,3
BRDA:62,0,1,2
BRDA:90,1,0,1
BRDA:90,1,1,2
BRDA:97,2,0,1
BRDA:97,2,1,1
BRF:6
BRH:6
end_of_record
TN:
SF:routes\history.js
FN:14,(anonymous_0)
FN:36,(anonymous_1)
FN:43,(anonymous_2)
FNF:3
FNH:3
FNDA:4,(anonymous_0)
FNDA:3,(anonymous_1)
FNDA:1,(anonymous_2)
DA:1,1
DA:2,1
DA:4,1
DA:5,1
DA:7,1
DA:15,4
DA:16,4
DA:17,3
DA:20,1
DA:26,1
DA:27,1
DA:31,1
DA:37,3
DA:38,3
DA:39,1
DA:42,2
DA:43,2
DA:45,2
DA:46,1
DA:49,1
DA:50,1
DA:54,1
LF:22
LH:22
BRDA:16,0,0,3
BRDA:16,0,1,1
BRDA:38,1,0,1
BRDA:38,1,1,2
BRDA:45,2,0,1
BRDA:45,2,1,1
BRF:6
BRH:6
end_of_record
TN:
SF:routes\notifications.js
FN:14,(anonymous_0)
FN:26,(anonymous_1)
FN:49,(anonymous_2)
FN:57,(anonymous_3)
FNF:4
FNH:4
FNDA:1,(anonymous_0)
FNDA:2,(anonymous_1)
FNDA:3,(anonymous_2)
FNDA:7,(anonymous_3)
DA:1,1
DA:2,1
DA:3,1
DA:6,1
DA:14,1
DA:15,1
DA:20,1
DA:28,2
DA:29,2
DA:30,1
DA:33,1
DA:37,1
DA:38,1
DA:43,1
DA:51,3
DA:52,3
DA:53,1
DA:56,2
DA:57,7
DA:58,2
DA:62,1
LF:21
LH:21
BRDA:29,0,0,1
BRDA:29,0,1,1
BRDA:52,1,0,1
BRDA:52,1,1,2
BRF:4
BRH:4
end_of_record
TN:
SF:routes\volunteer.js
FN:13,(anonymous_0)
FNF:1
FNH:1
FNDA:1,(anonymous_0)
DA:1,1
DA:2,1
DA:3,1
DA:6,1
DA:13,1
DA:14,1
DA:16,1
DA:18,0
DA:22,1
LF:9
LH:8
BRF:0
BRH:0
end_of_record
