TN:
SF:routes\events.js
FN:63,(anonymous_0)
FN:98,(anonymous_1)
FN:105,(anonymous_2)
FN:123,(anonymous_3)
FN:132,(anonymous_4)
FN:143,(anonymous_5)
FN:171,(anonymous_6)
FN:178,(anonymous_7)
FNF:8
FNH:8
FNDA:14,(anonymous_0)
FNDA:3,(anonymous_1)
FNDA:9,(anonymous_2)
FNDA:3,(anonymous_3)
FNDA:10,(anonymous_4)
FNDA:1,(anonymous_5)
FNDA:7,(anonymous_6)
FNDA:12,(anonymous_7)
DA:1,1
DA:2,1
DA:3,1
DA:6,1
DA:40,1
DA:64,14
DA:65,14
DA:66,3
DA:69,11
DA:70,11
DA:72,11
DA:73,1
DA:76,10
DA:86,10
DA:87,10
DA:92,1
DA:99,3
DA:100,3
DA:101,1
DA:104,2
DA:105,9
DA:107,2
DA:108,1
DA:111,1
DA:112,1
DA:117,1
DA:124,3
DA:125,3
DA:126,1
DA:129,2
DA:130,2
DA:132,10
DA:133,2
DA:134,1
DA:136,1
DA:138,1
DA:143,1
DA:144,1
DA:148,1
DA:172,7
DA:173,7
DA:174,6
DA:177,1
DA:178,12
DA:180,1
DA:181,0
DA:184,1
DA:185,1
DA:187,1
DA:188,1
DA:191,0
DA:196,0
DA:197,0
DA:201,1
LF:54
LH:50
BRDA:65,0,0,3
BRDA:65,0,1,11
BRDA:72,1,0,1
BRDA:72,1,1,10
BRDA:100,2,0,1
BRDA:100,2,1,2
BRDA:107,3,0,1
BRDA:107,3,1,1
BRDA:125,4,0,1
BRDA:125,4,1,2
BRDA:133,5,0,1
BRDA:133,5,1,1
BRDA:173,6,0,6
BRDA:173,6,1,1
BRDA:180,7,0,0
BRDA:180,7,1,1
BRDA:187,8,0,1
BRDA:187,8,1,0
BRF:18
BRH:16
end_of_record
TN:
SF:routes\history.js
FN:14,(anonymous_0)
FN:36,(anonymous_1)
FN:43,(anonymous_2)
FNF:3
FNH:3
FNDA:4,(anonymous_0)
FNDA:3,(anonymous_1)
FNDA:1,(anonymous_2)
DA:1,1
DA:2,1
DA:4,1
DA:5,1
DA:7,1
DA:15,4
DA:16,4
DA:17,3
DA:20,1
DA:26,1
DA:27,1
DA:31,1
DA:37,3
DA:38,3
DA:39,1
DA:42,2
DA:43,2
DA:45,2
DA:46,1
DA:49,1
DA:50,1
DA:54,1
LF:22
LH:22
BRDA:16,0,0,3
BRDA:16,0,1,1
BRDA:38,1,0,1
BRDA:38,1,1,2
BRDA:45,2,0,1
BRDA:45,2,1,1
BRF:6
BRH:6
end_of_record
TN:
SF:routes\notifications.js
FN:14,(anonymous_0)
FN:26,(anonymous_1)
FN:49,(anonymous_2)
FN:57,(anonymous_3)
FNF:4
FNH:4
FNDA:1,(anonymous_0)
FNDA:2,(anonymous_1)
FNDA:3,(anonymous_2)
FNDA:7,(anonymous_3)
DA:1,1
DA:2,1
DA:3,1
DA:6,1
DA:14,1
DA:15,1
DA:20,1
DA:28,2
DA:29,2
DA:30,1
DA:33,1
DA:37,1
DA:38,1
DA:43,1
DA:51,3
DA:52,3
DA:53,1
DA:56,2
DA:57,7
DA:58,2
DA:62,1
LF:21
LH:21
BRDA:29,0,0,1
BRDA:29,0,1,1
BRDA:52,1,0,1
BRDA:52,1,1,2
BRF:4
BRH:4
end_of_record
TN:
SF:routes\volunteer.js
FN:16,(anonymous_0)
FN:26,(anonymous_1)
FN:28,(anonymous_2)
FN:31,(anonymous_3)
FN:33,(anonymous_4)
FN:34,(anonymous_5)
FN:51,(anonymous_6)
FN:65,(anonymous_7)
FN:66,(anonymous_8)
FN:72,(anonymous_9)
FN:73,(anonymous_10)
FN:75,(anonymous_11)
FNF:12
FNH:12
FNDA:1,(anonymous_0)
FNDA:2,(anonymous_1)
FNDA:3,(anonymous_2)
FNDA:12,(anonymous_3)
FNDA:15,(anonymous_4)
FNDA:42,(anonymous_5)
FNDA:1,(anonymous_6)
FNDA:2,(anonymous_7)
FNDA:3,(anonymous_8)
FNDA:1,(anonymous_9)
FNDA:6,(anonymous_10)
FNDA:1,(anonymous_11)
DA:1,1
DA:2,1
DA:3,1
DA:6,1
DA:16,1
DA:17,1
DA:18,1
DA:20,0
DA:26,1
DA:27,2
DA:28,3
DA:29,2
DA:31,2
DA:33,12
DA:34,42
DA:38,12
DA:40,12
DA:43,2
DA:45,0
DA:46,0
DA:51,1
DA:52,1
DA:53,1
DA:55,1
DA:56,1
DA:59,1
DA:60,0
DA:65,1
DA:66,3
DA:67,2
DA:68,0
DA:72,1
DA:73,6
DA:74,1
DA:75,1
DA:79,1
DA:81,0
DA:82,0
DA:86,1
LF:39
LH:32
BRDA:28,0,0,2
BRDA:28,0,1,0
BRDA:40,1,0,12
BRDA:40,1,1,1
BRDA:59,2,0,0
BRDA:59,2,1,1
BRDA:67,3,0,0
BRDA:67,3,1,2
BRDA:67,4,0,2
BRDA:67,4,1,2
BRDA:74,5,0,1
BRDA:74,5,1,0
BRF:12
BRH:8
end_of_record
